#
# There is insufficient memory for the Java Runtime Environment to continue.
# Native memory allocation (mmap) failed to map 121634816 bytes for G1 virtual space
# Possible reasons:
#   The system is out of physical RAM or swap space
#   The process is running with CompressedOops enabled, and the Java Heap may be blocking the growth of the native heap
# Possible solutions:
#   Reduce memory load on the system
#   Increase physical memory or swap space
#   Check if swap backing store is full
#   Decrease Java heap size (-Xmx/-Xms)
#   Decrease number of Java threads
#   Decrease Java thread stack sizes (-Xss)
#   Set larger code cache with -XX:ReservedCodeCacheSize=
#   JVM is running with Unscaled Compressed Oops mode in which the Java heap is
#     placed in the first 4GB address space. The Java Heap base address is the
#     maximum limit for the native heap growth. Please use -XX:HeapBaseMinAddress
#     to set the Java Heap base and to place the Java Heap above 4GB virtual address.
# This output file may be truncated or incomplete.
#
#  Out of Memory Error (os_windows.cpp:3557), pid=8348, tid=24752
#
# JRE version:  (17.0.6+10) (build )
# Java VM: OpenJDK 64-Bit Server VM (17.0.6+10, mixed mode, sharing, tiered, compressed oops, compressed class ptrs, g1 gc, windows-amd64)
# No core dump will be written. Minidumps are not enabled by default on client versions of Windows
#

---------------  S U M M A R Y ------------

Command Line: -Dfile.encoding=UTF-8 -XX:+ShowCodeDetailsInExceptionMessages uiMain.Main

Host: AMD Ryzen 7 6800H with Radeon Graphics         , 16 cores, 7G,  Windows 11 , 64 bit Build 22621 (10.0.22621.1635)
Time: Wed May 24 01:06:11 2023 SA Pacific Standard Time elapsed time: 0.015439 seconds (0d 0h 0m 0s)

---------------  T H R E A D  ---------------

Current thread (0x0000015a47307040):  JavaThread "Unknown thread" [_thread_in_vm, id=24752, stack(0x0000003781c00000,0x0000003781d00000)]

Stack: [0x0000003781c00000,0x0000003781d00000]
Native frames: (J=compiled Java code, j=interpreted, Vv=VM code, C=native code)
V  [jvm.dll+0x67741a]
V  [jvm.dll+0x834434]
V  [jvm.dll+0x835bde]
V  [jvm.dll+0x836243]
V  [jvm.dll+0x2457b5]
V  [jvm.dll+0x674329]
V  [jvm.dll+0x6689da]
V  [jvm.dll+0x30489b]
V  [jvm.dll+0x30bd96]
V  [jvm.dll+0x35b57e]
V  [jvm.dll+0x35b7af]
V  [jvm.dll+0x2db778]
V  [jvm.dll+0x2dc6e4]
V  [jvm.dll+0x806131]
V  [jvm.dll+0x369331]
V  [jvm.dll+0x7e56ac]
V  [jvm.dll+0x3eb35f]
V  [jvm.dll+0x3ecea1]
C  [jli.dll+0x5267]
C  [ucrtbase.dll+0x29363]
C  [KERNEL32.DLL+0x126ad]
C  [ntdll.dll+0x5a9f8]


---------------  P R O C E S S  ---------------

Threads class SMR info:
_java_thread_list=0x00007ffe48895fd8, length=0, elements={
}

Java Threads: ( => current thread )

Other Threads:
  0x0000015a47360c30 GCTaskThread "GC Thread#0" [stack: 0x0000003781d00000,0x0000003781e00000] [id=3564]
  0x0000015a47370370 ConcurrentGCThread "G1 Main Marker" [stack: 0x0000003781e00000,0x0000003781f00000] [id=22476]
  0x0000015a47372530 ConcurrentGCThread "G1 Conc#0" [stack: 0x0000003781f00000,0x0000003782000000] [id=20968]

[error occurred during error reporting (printing all threads), id 0xc0000005, EXCEPTION_ACCESS_VIOLATION (0xc0000005) at pc=0x00007ffe4806c1e7]

VM state: not at safepoint (not fully initialized)

VM Mutex/Monitor currently owned by a thread:  ([mutex/lock_event])
[0x0000015a47302c10] Heap_lock - owner thread: 0x0000015a47307040

Heap address: 0x000000008c000000, size: 1856 MB, Compressed Oops mode: 32-bit

CDS archive(s) mapped at: [0x0000000000000000-0x0000000000000000-0x0000000000000000), size 0, SharedBaseAddress: 0x0000000800000000, ArchiveRelocationMode: 0.
Narrow klass base: 0x0000000000000000, Narrow klass shift: 0, Narrow klass range: 0x0

GC Precious Log:
<Empty>

Heap:
 garbage-first heap   total 0K, used 0K [0x000000008c000000, 0x0000000100000000)
  region size 1024K, 0 young (0K), 0 survivors (0K)

[error occurred during error reporting (printing heap information), id 0xc0000005, EXCEPTION_ACCESS_VIOLATION (0xc0000005) at pc=0x00007ffe484506f9]

GC Heap History (0 events):
No events

Dll operation events (1 events):
Event: 0.011 Loaded shared library C:\Users\Jose Miguel Pulgarin\.p2\pool\plugins\org.eclipse.justj.openjdk.hotspot.jre.full.win32.x86_64_17.0.6.v20230204-1729\jre\bin\java.dll

Deoptimization events (0 events):
No events

Classes unloaded (0 events):
No events

Classes redefined (0 events):
No events

Internal exceptions (0 events):
No events

VM Operations (0 events):
No events

Events (0 events):
No events


Dynamic libraries:
0x00007ff6e1ef0000 - 0x00007ff6e1efe000 	C:\Users\Jose Miguel Pulgarin\.p2\pool\plugins\org.eclipse.justj.openjdk.hotspot.jre.full.win32.x86_64_17.0.6.v20230204-1729\jre\bin\javaw.exe
0x00007ffee11d0000 - 0x00007ffee13e4000 	C:\WINDOWS\SYSTEM32\ntdll.dll
0x00007ffee0c90000 - 0x00007ffee0d52000 	C:\WINDOWS\System32\KERNEL32.DLL
0x00007ffedeb60000 - 0x00007ffedef03000 	C:\WINDOWS\System32\KERNELBASE.dll
0x00007ffedea40000 - 0x00007ffedeb51000 	C:\WINDOWS\System32\ucrtbase.dll
0x00007ffed9c00000 - 0x00007ffed9c19000 	C:\Users\Jose Miguel Pulgarin\.p2\pool\plugins\org.eclipse.justj.openjdk.hotspot.jre.full.win32.x86_64_17.0.6.v20230204-1729\jre\bin\VCRUNTIME140.dll
0x00007ffed9c20000 - 0x00007ffed9c37000 	C:\Users\Jose Miguel Pulgarin\.p2\pool\plugins\org.eclipse.justj.openjdk.hotspot.jre.full.win32.x86_64_17.0.6.v20230204-1729\jre\bin\jli.dll
0x00007ffedfc20000 - 0x00007ffedfdcb000 	C:\WINDOWS\System32\USER32.dll
0x00007ffecc460000 - 0x00007ffecc6ee000 	C:\WINDOWS\WinSxS\amd64_microsoft.windows.common-controls_6595b64144ccf1df_6.0.22621.1635_none_270f70857386168e\COMCTL32.dll
0x00007ffedf530000 - 0x00007ffedf5d7000 	C:\WINDOWS\System32\msvcrt.dll
0x00007ffede8f0000 - 0x00007ffede916000 	C:\WINDOWS\System32\win32u.dll
0x00007ffee0140000 - 0x00007ffee0169000 	C:\WINDOWS\System32\GDI32.dll
0x00007ffede920000 - 0x00007ffedea38000 	C:\WINDOWS\System32\gdi32full.dll
0x00007ffede850000 - 0x00007ffede8ea000 	C:\WINDOWS\System32\msvcp_win.dll
0x00007ffee0170000 - 0x00007ffee01a1000 	C:\WINDOWS\System32\IMM32.DLL
0x00007ffed9bf0000 - 0x00007ffed9bfc000 	C:\Users\Jose Miguel Pulgarin\.p2\pool\plugins\org.eclipse.justj.openjdk.hotspot.jre.full.win32.x86_64_17.0.6.v20230204-1729\jre\bin\vcruntime140_1.dll
0x00007ffec6770000 - 0x00007ffec6801000 	C:\Users\Jose Miguel Pulgarin\.p2\pool\plugins\org.eclipse.justj.openjdk.hotspot.jre.full.win32.x86_64_17.0.6.v20230204-1729\jre\bin\msvcp140.dll
0x00007ffe47d80000 - 0x00007ffe489c7000 	C:\Users\Jose Miguel Pulgarin\.p2\pool\plugins\org.eclipse.justj.openjdk.hotspot.jre.full.win32.x86_64_17.0.6.v20230204-1729\jre\bin\server\jvm.dll
0x00007ffedfde0000 - 0x00007ffedfe8e000 	C:\WINDOWS\System32\ADVAPI32.dll
0x00007ffee09c0000 - 0x00007ffee0a64000 	C:\WINDOWS\System32\sechost.dll
0x00007ffee0a70000 - 0x00007ffee0b87000 	C:\WINDOWS\System32\RPCRT4.dll
0x00007ffeb7d00000 - 0x00007ffeb7d09000 	C:\WINDOWS\SYSTEM32\WSOCK32.dll
0x00007ffed6fa0000 - 0x00007ffed6fd4000 	C:\WINDOWS\SYSTEM32\WINMM.dll
0x00007ffed4fe0000 - 0x00007ffed4fea000 	C:\WINDOWS\SYSTEM32\VERSION.dll
0x00007ffedff90000 - 0x00007ffee0001000 	C:\WINDOWS\System32\WS2_32.dll
0x00007ffedd610000 - 0x00007ffedd628000 	C:\WINDOWS\SYSTEM32\kernel.appcore.dll
0x00007ffed3430000 - 0x00007ffed343a000 	C:\Users\Jose Miguel Pulgarin\.p2\pool\plugins\org.eclipse.justj.openjdk.hotspot.jre.full.win32.x86_64_17.0.6.v20230204-1729\jre\bin\jimage.dll
0x00007ffed4b90000 - 0x00007ffed4dbe000 	C:\WINDOWS\SYSTEM32\DBGHELP.DLL
0x00007ffedf1a0000 - 0x00007ffedf529000 	C:\WINDOWS\System32\combase.dll
0x00007ffee0f80000 - 0x00007ffee1057000 	C:\WINDOWS\System32\OLEAUT32.dll
0x00007ffed4fa0000 - 0x00007ffed4fd2000 	C:\WINDOWS\SYSTEM32\dbgcore.DLL
0x00007ffede7d0000 - 0x00007ffede84b000 	C:\WINDOWS\System32\bcryptPrimitives.dll
0x00007ffed00f0000 - 0x00007ffed0115000 	C:\Users\Jose Miguel Pulgarin\.p2\pool\plugins\org.eclipse.justj.openjdk.hotspot.jre.full.win32.x86_64_17.0.6.v20230204-1729\jre\bin\java.dll

dbghelp: loaded successfully - version: 4.0.5 - missing functions: none
symbol engine: initialized successfully - sym options: 0x614 - pdb path: .;C:\Users\Jose Miguel Pulgarin\.p2\pool\plugins\org.eclipse.justj.openjdk.hotspot.jre.full.win32.x86_64_17.0.6.v20230204-1729\jre\bin;C:\WINDOWS\SYSTEM32;C:\WINDOWS\WinSxS\amd64_microsoft.windows.common-controls_6595b64144ccf1df_6.0.22621.1635_none_270f70857386168e;C:\Users\Jose Miguel Pulgarin\.p2\pool\plugins\org.eclipse.justj.openjdk.hotspot.jre.full.win32.x86_64_17.0.6.v20230204-1729\jre\bin\server

VM Arguments:
jvm_args: -Dfile.encoding=UTF-8 -XX:+ShowCodeDetailsInExceptionMessages 
java_command: uiMain.Main
java_class_path (initial): C:\Users\Jose Miguel Pulgarin\OneDrive\Documents\university documents\POO\practica-1-grupo-1-equipo-3\Banco\bin
Launcher Type: SUN_STANDARD

[Global flags]
     intx CICompilerCount                          = 12                                        {product} {ergonomic}
     uint ConcGCThreads                            = 3                                         {product} {ergonomic}
     uint G1ConcRefinementThreads                  = 13                                        {product} {ergonomic}
   size_t G1HeapRegionSize                         = 1048576                                   {product} {ergonomic}
    uintx GCDrainStackTargetSize                   = 64                                        {product} {ergonomic}
   size_t InitialHeapSize                          = 121634816                                 {product} {ergonomic}
   size_t MarkStackSize                            = 4194304                                   {product} {ergonomic}
   size_t MaxHeapSize                              = 1946157056                                {product} {ergonomic}
   size_t MinHeapDeltaBytes                        = 1048576                                   {product} {ergonomic}
   size_t MinHeapSize                              = 8388608                                   {product} {ergonomic}
    uintx NonNMethodCodeHeapSize                   = 7602480                                {pd product} {ergonomic}
    uintx NonProfiledCodeHeapSize                  = 122027880                              {pd product} {ergonomic}
    uintx ProfiledCodeHeapSize                     = 122027880                              {pd product} {ergonomic}
    uintx ReservedCodeCacheSize                    = 251658240                              {pd product} {ergonomic}
     bool SegmentedCodeCache                       = true                                      {product} {ergonomic}
     bool ShowCodeDetailsInExceptionMessages       = true                                   {manageable} {command line}
   size_t SoftMaxHeapSize                          = 1946157056                             {manageable} {ergonomic}
     bool UseCompressedClassPointers               = true                           {product lp64_product} {ergonomic}
     bool UseCompressedOops                        = true                           {product lp64_product} {ergonomic}
     bool UseG1GC                                  = true                                      {product} {ergonomic}
     bool UseLargePagesIndividualAllocation        = false                                  {pd product} {ergonomic}

Logging:
Log output configuration:
 #0: stdout all=warning uptime,level,tags
 #1: stderr all=off uptime,level,tags

Environment Variables:
PATH=C:/Users/Jose Miguel Pulgarin/.p2/pool/plugins/org.eclipse.justj.openjdk.hotspot.jre.full.win32.x86_64_17.0.6.v20230204-1729/jre/bin/server;C:/Users/Jose Miguel Pulgarin/.p2/pool/plugins/org.eclipse.justj.openjdk.hotspot.jre.full.win32.x86_64_17.0.6.v20230204-1729/jre/bin;C:\Program Files\Common Files\Oracle\Java\javapath;C:\Program Files (x86)\Common Files\Oracle\Java\javapath;C:\Windows\system32;C:\Windows;C:\Windows\System32\Wbem;C:\Windows\System32\WindowsPowerShell\v1.0\;C:\Windows\System32\OpenSSH\;C:\Program Files (x86)\NVIDIA Corporation\PhysX\Common;C:\Program Files\NVIDIA Corporation\NVIDIA NvDLISR;C:\WINDOWS\system32;C:\WINDOWS;C:\WINDOWS\System32\Wbem;C:\WINDOWS\System32\WindowsPowerShell\v1.0\;C:\WINDOWS\System32\OpenSSH\;C:\Program Files\nodejs\;C:\Program Files\Git\cmd;C:\Program Files\Docker\Docker\resources\bin;C:\Users\Jose Miguel Pulgarin\AppData\Local\Microsoft\WindowsApps;C:\Users\Jose Miguel Pulgarin\AppData\Roaming\npm;C:\Users\Jose Miguel Pulgarin\AppData\Local\Programs\Microsoft VS Code\bin;C:\WINDOWS\system32;
USERNAME=Jose Miguel Pulgarin
OS=Windows_NT
PROCESSOR_IDENTIFIER=AMD64 Family 25 Model 68 Stepping 1, AuthenticAMD
TMP=C:\Users\JOSEMI~1\AppData\Local\Temp
TEMP=C:\Users\JOSEMI~1\AppData\Local\Temp



---------------  S Y S T E M  ---------------

OS:
 Windows 11 , 64 bit Build 22621 (10.0.22621.1635)
OS uptime: 0 days 3:55 hours
Hyper-V role detected

CPU: total 16 (initial active 16) (16 cores per cpu, 2 threads per core) family 25 model 68 stepping 1 microcode 0x0, cx8, cmov, fxsr, ht, mmx, 3dnowpref, sse, sse2, sse3, ssse3, sse4a, sse4.1, sse4.2, popcnt, lzcnt, tsc, tscinvbit, avx, avx2, aes, clmul, bmi1, bmi2, adx, sha, fma, vzeroupper, clflush, clflushopt, hv

Memory: 4k page, system-wide physical 7421M (1169M free)
TotalPageFile size 29949M (AvailPageFile size 66M)
current process WorkingSet (physical memory assigned to process): 11M, peak: 11M
current process commit charge ("private bytes"): 70M, peak: 186M

vm_info: OpenJDK 64-Bit Server VM (17.0.6+10) for windows-amd64 JRE (17.0.6+10), built on Jan 18 2023 10:08:59 by "temurin" with MS VC++ 16.7 (VS2019)

END.
